f:\githubcode\mixpool\deliberatepractice\opengl\cookopengl\demos\hello_1\hello\hello\debug\vc141.pdb
f:\githubcode\mixpool\deliberatepractice\opengl\cookopengl\demos\hello_1\hello\hello\debug\vc141.idb
f:\githubcode\mixpool\deliberatepractice\opengl\cookopengl\demos\hello_1\hello\hello\debug\glad.obj
f:\githubcode\mixpool\deliberatepractice\opengl\cookopengl\demos\hello_1\hello\hello\debug\hello_texture_9.obj
f:\githubcode\mixpool\deliberatepractice\opengl\cookopengl\demos\hello_1\hello\hello\debug\hello_window_clear_1.obj
f:\githubcode\mixpool\deliberatepractice\opengl\cookopengl\demos\hello_1\hello\hello\debug\hello_window_0.obj
f:\githubcode\mixpool\deliberatepractice\opengl\cookopengl\demos\hello_1\hello\hello\debug\hello_setvalue2shader_6.obj
f:\githubcode\mixpool\deliberatepractice\opengl\cookopengl\demos\hello_1\hello\hello\debug\hello_triangle_2.obj
f:\githubcode\mixpool\deliberatepractice\opengl\cookopengl\demos\hello_1\hello\hello\debug\hello_triangle2rect_3.obj
f:\githubcode\mixpool\deliberatepractice\opengl\cookopengl\demos\hello_1\hello\hello\debug\hello_multiplevao_4.obj
f:\githubcode\mixpool\deliberatepractice\opengl\cookopengl\demos\hello_1\hello\hello\debug\hello_multipleshadermultiplevao_5.obj
f:\githubcode\mixpool\deliberatepractice\opengl\cookopengl\demos\hello_1\hello\hello\debug\hello_transvalvertexfragmentshader_7.obj
f:\githubcode\mixpool\deliberatepractice\opengl\cookopengl\demos\hello_1\hello\hello\debug\hello_texturecombined_10.obj
f:\githubcode\mixpool\deliberatepractice\opengl\cookopengl\demos\hello_1\hello\hello\debug\hello_shaderclass_8.obj
f:\githubcode\mixpool\deliberatepractice\opengl\cookopengl\demos\hello_1\hello\debug\hello.pdb
f:\githubcode\mixpool\deliberatepractice\opengl\cookopengl\demos\hello_1\hello\hello\debug\hello.tlog\cl.command.1.tlog
f:\githubcode\mixpool\deliberatepractice\opengl\cookopengl\demos\hello_1\hello\hello\debug\hello.tlog\cl.read.1.tlog
f:\githubcode\mixpool\deliberatepractice\opengl\cookopengl\demos\hello_1\hello\hello\debug\hello.tlog\cl.write.1.tlog
f:\githubcode\mixpool\deliberatepractice\opengl\cookopengl\demos\hello_1\hello\hello\debug\hello.tlog\link-cvtres.read.1.tlog
f:\githubcode\mixpool\deliberatepractice\opengl\cookopengl\demos\hello_1\hello\hello\debug\hello.tlog\link-cvtres.write.1.tlog
f:\githubcode\mixpool\deliberatepractice\opengl\cookopengl\demos\hello_1\hello\hello\debug\hello.tlog\link-rc.read.1.tlog
f:\githubcode\mixpool\deliberatepractice\opengl\cookopengl\demos\hello_1\hello\hello\debug\hello.tlog\link-rc.write.1.tlog
f:\githubcode\mixpool\deliberatepractice\opengl\cookopengl\demos\hello_1\hello\hello\debug\hello.tlog\link.command.1.tlog
f:\githubcode\mixpool\deliberatepractice\opengl\cookopengl\demos\hello_1\hello\hello\debug\hello.tlog\link.read.1.tlog
f:\githubcode\mixpool\deliberatepractice\opengl\cookopengl\demos\hello_1\hello\hello\debug\hello.tlog\link.write.1.tlog
